<?xml version="1.0" encoding="UTF-8"?>
<robot generator="Robot 3.2.2 (Python 3.9.0 on win32)" generated="20201207 15:09:39.897" rpa="false">
<suite id="s1" name="Testcase1" source="C:\Users\Owner\PycharmProjects\AutoProject\Testcases\testcase1.robot">
<test id="s1-t1" name="LoginTest">
<kw name="Open Browser" library="SeleniumLibrary">
<doc>Opens a new browser instance to the optional ``url``.</doc>
<arguments>
<arg>${url}</arg>
<arg>${browser}</arg>
</arguments>
<msg timestamp="20201207 15:09:40.078" level="INFO">Opening browser 'chrome' to base url 'https://demo.nopcommerce.com/'.</msg>
<status status="PASS" starttime="20201207 15:09:40.077" endtime="20201207 15:09:44.859"></status>
</kw>
<kw name="loginToApplication">
<kw name="Click Link" library="SeleniumLibrary">
<doc>Clicks a link identified by ``locator``.</doc>
<arguments>
<arg>xpath://a[@class='ico-login']</arg>
</arguments>
<msg timestamp="20201207 15:09:44.860" level="INFO">Clicking link 'xpath://a[@class='ico-login']'.</msg>
<status status="PASS" starttime="20201207 15:09:44.860" endtime="20201207 15:09:45.784"></status>
</kw>
<kw name="Input Text" library="SeleniumLibrary">
<doc>Types the given ``text`` into the text field identified by ``locator``.</doc>
<arguments>
<arg>id:Email</arg>
<arg>avishiek@gmail.com</arg>
</arguments>
<msg timestamp="20201207 15:09:45.785" level="INFO">Typing text 'avishiek@gmail.com' into text field 'id:Email'.</msg>
<status status="PASS" starttime="20201207 15:09:45.785" endtime="20201207 15:09:45.881"></status>
</kw>
<kw name="Input Text" library="SeleniumLibrary">
<doc>Types the given ``text`` into the text field identified by ``locator``.</doc>
<arguments>
<arg>id:Password</arg>
<arg>12345</arg>
</arguments>
<msg timestamp="20201207 15:09:45.881" level="INFO">Typing text '12345' into text field 'id:Password'.</msg>
<status status="PASS" starttime="20201207 15:09:45.881" endtime="20201207 15:09:45.965"></status>
</kw>
<kw name="Click Element" library="SeleniumLibrary">
<doc>Click the element identified by ``locator``.</doc>
<arguments>
<arg>xpath://input[@class='button-1 login-button']</arg>
</arguments>
<msg timestamp="20201207 15:09:45.965" level="INFO">Clicking element 'xpath://input[@class='button-1 login-button']'.</msg>
<status status="PASS" starttime="20201207 15:09:45.965" endtime="20201207 15:09:46.646"></status>
</kw>
<status status="PASS" starttime="20201207 15:09:44.860" endtime="20201207 15:09:46.646"></status>
</kw>
<kw name="Close Browser" library="SeleniumLibrary">
<doc>Closes the current browser.</doc>
<status status="PASS" starttime="20201207 15:09:46.646" endtime="20201207 15:09:48.772"></status>
</kw>
<status status="PASS" starttime="20201207 15:09:40.077" endtime="20201207 15:09:48.773" critical="yes"></status>
</test>
<status status="PASS" starttime="20201207 15:09:39.898" endtime="20201207 15:09:48.774"></status>
</suite>
<statistics>
<total>
<stat pass="1" fail="0">Critical Tests</stat>
<stat pass="1" fail="0">All Tests</stat>
</total>
<tag>
</tag>
<suite>
<stat pass="1" fail="0" id="s1" name="Testcase1">Testcase1</stat>
</suite>
</statistics>
<errors>
</errors>
</robot>
